This is pdfeTeX, Version 3.141592-1.30.6-2.2 (MiKTeX 2.5) (preloaded format=latex 2006.11.21)  27 AUG 2008 16:34
entering extended mode
**//.PSF/SharedFolder1/Quantum/root.tex
(\\.PSF\SharedFolder1\Quantum\root.tex
LaTeX2e <2005/12/01>
Babel <v3.8g> and hyphenation patterns for english, dumylang, nohyphenation, ge
rman, ngerman, french, loaded.
("C:\Program Files\MiKTeX 2.5\tex\latex\base\book.cls"
Document Class: book 2005/09/16 v1.4f Standard LaTeX document class
("C:\Program Files\MiKTeX 2.5\tex\latex\base\bk10.clo"
File: bk10.clo 2005/09/16 v1.4f Standard LaTeX file (size option)
)
\c@part=\count79
\c@chapter=\count80
\c@section=\count81
\c@subsection=\count82
\c@subsubsection=\count83
\c@paragraph=\count84
\c@subparagraph=\count85
\c@figure=\count86
\c@table=\count87
\abovecaptionskip=\skip41
\belowcaptionskip=\skip42
\bibindent=\dimen102
)
("C:\Program Files\MiKTeX 2.5\tex\latex\ltxmisc\endnotes.sty"
\c@endnote=\count88
\endnotesep=\dimen103
\@enotes=\write3
)
\c@Hendnote=\count89

("C:\Program Files\MiKTeX 2.5\tex\latex\pstricks\pstricks.sty"
Package: pstricks 2006/08/10 v0.32 LaTeX wrapper for `PSTricks' (RN,HV)

("C:\Program Files\MiKTeX 2.5\tex\generic\pstricks\pstricks.tex"
`PSTricks' v1.14c  <2006/04/29> (tvz)
\pst@dima=\dimen104
\pst@dimb=\dimen105
\pst@dimc=\dimen106
\pst@dimd=\dimen107
\pst@dimg=\dimen108
\pst@dimh=\dimen109
\pst@hbox=\box26
\pst@boxg=\box27
\pst@cnta=\count90
\pst@cntb=\count91
\pst@cntc=\count92
\pst@cntd=\count93
\pst@cntg=\count94
\pst@cnth=\count95
\pst@toks=\toks14
("C:\Program Files\MiKTeX 2.5\tex\generic\pstricks\pstricks.con")
\psunit=\dimen110
\psxunit=\dimen111
\psyunit=\dimen112
\pslinewidth=\dimen113
\pst@customdefs=\toks15
\pslinearc=\dimen114
\everypsbox=\toks16
\psframesep=\dimen115
\pslabelsep=\dimen116
\psk@shift=\dimen117
\pst@shift=\dimen118
\theoverlaybox=\box28
)
File: pstricks.tex 2006/04/29 v1.14c `PSTricks' (tvz)

("C:\Program Files\MiKTeX 2.5\tex\latex\xcolor\xcolor.sty"
Package: xcolor 2005/12/21 v2.09 LaTeX color extensions (UK)

("C:\Program Files\MiKTeX 2.5\tex\latex\00miktex\color.cfg"
File: color.cfg 2005/12/29 v1.1 MiKTeX 'color' configuration
)
Package xcolor Info: Package option `override' ignored on input line 211.
Package xcolor Info: Driver file: dvips.def on input line 220.

("C:\Program Files\MiKTeX 2.5\tex\latex\graphics\dvips.def"
File: dvips.def 1999/02/16 v3.0i Driver-dependant file (DPC,SPQR)
)
Package xcolor Info: Model `cmy' substituted by `cmy0' on input line 1328.
Package xcolor Info: Model `RGB' extended on input line 1344.
Package xcolor Info: Model `HTML' substituted by `rgb' on input line 1346.
Package xcolor Info: Model `Hsb' substituted by `hsb' on input line 1347.
Package xcolor Info: Model `tHsb' substituted by `hsb' on input line 1348.
Package xcolor Info: Model `HSB' substituted by `hsb' on input line 1349.
Package xcolor Info: Model `Gray' substituted by `gray' on input line 1350.
Package xcolor Info: Model `wave' substituted by `hsb' on input line 1351.
))
("C:\Program Files\MiKTeX 2.5\tex\latex\pstricks\pst-node.sty"
Package: pst-node 2006/01/01 package wrapper for pst-node.tex

("C:\Program Files\MiKTeX 2.5\tex\generic\pstricks\pst-node.tex"
 v97 patch 11, 2000/11/09
\psrow=\count96
\pscol=\count97
\psmatrixcnt=\count98
\psrowsep=\skip43
\pscolsep=\skip44
)
File: pst-node.tex 2000/11/09 97 patch 11 `pst-node' (tvz)
)
("C:\Program Files\MiKTeX 2.5\tex\latex\pstricks\pst-tree.sty"
Package: pst-tree 2004/07/15 package wrapper for pst-tree.tex

("C:\Program Files\MiKTeX 2.5\tex\generic\pstricks\pst-tree.tex"
 v97 patch 6, 2004/07/24
\pstree@rootbox=\box29
\pstree@box=\box30
\psnodecnt=\count99
\pstreelevel=\count100
\pstreecnt=\count101
\pstree@cnt=\count102
\pstree@stop=\count103
)
File: pst-tree.tex 2004/07/24 97 patch 6 `pst-tree' (tvz)
)
("C:\Program Files\MiKTeX 2.5\tex\latex\pstricks\pst-plot.sty"
Package: pst-plot 2004/07/15 package wrapper for pst-plot.tex

("C:\Program Files\MiKTeX 2.5\tex\generic\pstricks\pst-plot.tex"
 v97 patch 2, 1999/12/12
("C:\Program Files\MiKTeX 2.5\tex\generic\multido\multido.tex"
 v1.41, 2004/05/18 <tvz>
\multido@count=\count104
\multidocount=\count105
\multido@stuff=\toks17
))
File: pst-plot.tex 2004/05/18 1.41 `pst-plot' (tvz)
)
("C:\Program Files\MiKTeX 2.5\tex\latex\pst-text\pst-text.sty"
Package: pst-text 2006/01/01 package wrapper for pst-text.tex (hv)

("C:\Program Files\MiKTeX 2.5\tex\generic\pst-text\pst-text.tex"
 v1.00, 2006/11/05(tvz,hv))
File: pst-text.tex 2006/11/05 1.00 `pst-text' (tvz)
)
("C:\Program Files\MiKTeX 2.5\tex\latex\bosisio\graphfig.sty"
Package: graphfig 1997/15/12 v2.0 Commands to include graphics files (BF)

("C:\Program Files\MiKTeX 2.5\tex\latex\graphics\graphics.sty"
Package: graphics 2006/02/20 v1.0o Standard LaTeX Graphics (DPC,SPQR)

("C:\Program Files\MiKTeX 2.5\tex\latex\graphics\trig.sty"
Package: trig 1999/03/16 v1.09 sin cos tan (DPC)
)
("C:\Program Files\MiKTeX 2.5\tex\latex\00miktex\graphics.cfg"
File: graphics.cfg 2005/12/29 v1.2 MiKTeX 'graphics' configuration
)
Package graphics Info: Driver file: dvips.def on input line 90.
)
("C:\Program Files\MiKTeX 2.5\tex\latex\subfigure\subfigure.sty"
Package: subfigure 2002/07/30 v2.1.4 subfigure package
\subfigtopskip=\skip45
\subfigcapskip=\skip46
\subfigcaptopadj=\dimen119
\subfigbottomskip=\skip47
\subfigcapmargin=\dimen120
\subfiglabelskip=\skip48
\c@subfigure=\count106
\c@lofdepth=\count107
\c@subtable=\count108
\c@lotdepth=\count109

****************************************
* Local config file subfigure.cfg used *
****************************************
("C:\Program Files\MiKTeX 2.5\tex\latex\subfigure\subfigure.cfg")
\subfig@top=\skip49
\subfig@bottom=\skip50
)
("C:\Program Files\MiKTeX 2.5\tex\latex\float\float.sty"
Package: float 2001/11/08 v1.3d Float enhancements (AL)
\c@float@type=\count110
\float@exts=\toks18
\float@box=\box31
\@float@everytoks=\toks19
\@floatcapt=\box32
)
\@float@every@figure=\toks20
)
("C:\Program Files\MiKTeX 2.5\tex\latex\rotating\rotating.sty"
Package: rotating 1997/09/26 v2.13 Rotation package

("C:\Program Files\MiKTeX 2.5\tex\latex\graphics\graphicx.sty"
Package: graphicx 1999/02/16 v1.0f Enhanced LaTeX Graphics (DPC,SPQR)

("C:\Program Files\MiKTeX 2.5\tex\latex\graphics\keyval.sty"
Package: keyval 1999/03/16 v1.13 key=value parser (DPC)
\KV@toks@=\toks21
)
\Gin@req@height=\dimen121
\Gin@req@width=\dimen122
)
("C:\Program Files\MiKTeX 2.5\tex\latex\base\ifthen.sty"
Package: ifthen 2001/05/26 v1.1c Standard LaTeX ifthen package (DPC)
)
\c@r@tfl@t=\count111
\rot@float@box=\box33
)
("C:\Program Files\MiKTeX 2.5\tex\latex\multirow\multirow.sty"
\bigstrutjot=\dimen123
)
("C:\Program Files\MiKTeX 2.5\tex\latex\ltxmisc\ulem.sty"
\UL@box=\box34
\UL@hyphenbox=\box35
\UL@skip=\skip51
\UL@hook=\toks22
\UL@pe=\count112
\UL@pixel=\dimen124
\ULC@box=\box36
Package: ulem 2000/05/26
\ULdepth=\dimen125
)
("C:\Program Files\MiKTeX 2.5\tex\latex\jknappen\mathrsfs.sty"
Package: mathrsfs 1996/01/01 Math RSFS package v1.0 (jk)
\symrsfs=\mathgroup4
)
("C:\Program Files\MiKTeX 2.5\tex\latex\misc209\version.sty")
("C:\Program Files\MiKTeX 2.5\tex\latex\base\makeidx.sty"
Package: makeidx 2000/03/29 v1.0m Standard LaTeX package
)
\@indexfile=\write4

Writing index file root.idx
("C:\Program Files\MiKTeX 2.5\tex\latex\hyperref\hyperref.sty"
Package: hyperref 2006/09/06 v6.75e Hypertext links for LaTeX
\@linkdim=\dimen126
\Hy@linkcounter=\count113
\Hy@pagecounter=\count114

("C:\Program Files\MiKTeX 2.5\tex\latex\hyperref\pd1enc.def"
File: pd1enc.def 2006/09/06 v6.75e Hyperref: PDFDocEncoding definition (HO)
)
("C:\Program Files\MiKTeX 2.5\tex\latex\00miktex\hyperref.cfg"
File: hyperref.cfg 2006/02/14 v1.1 MiKTeX 'hyperref' configuration
)
("C:\Program Files\MiKTeX 2.5\tex\latex\oberdiek\kvoptions.sty"
Package: kvoptions 2006/08/22 v2.4 Connects package keyval with LaTeX options (
HO)
)
Package hyperref Info: Option `pdfnewwindow' set `true' on input line 2073.
Package hyperref Info: Option `colorlinks' set `true' on input line 2073.
Package hyperref Info: Hyper figures OFF on input line 2123.
Package hyperref Info: Link nesting OFF on input line 2128.
Package hyperref Info: Hyper index ON on input line 2131.
Package hyperref Info: Plain pages OFF on input line 2138.
Package hyperref Info: Backreferencing OFF on input line 2143.

Implicit mode ON; LaTeX internals redefined
Package hyperref Info: Bookmarks ON on input line 2273.
("C:\Program Files\MiKTeX 2.5\tex\latex\ltxmisc\url.sty"
\Urlmuskip=\muskip10
Package: url 2005/06/27  ver 3.2  Verb mode for urls, etc.
)
LaTeX Info: Redefining \url on input line 2428.
\Fld@menulength=\count115
\Field@Width=\dimen127
\Fld@charsize=\dimen128
\Choice@toks=\toks23
\Field@toks=\toks24
Package hyperref Info: Hyper figures OFF on input line 2906.
Package hyperref Info: Link nesting OFF on input line 2911.
Package hyperref Info: Hyper index ON on input line 2914.
Package hyperref Info: backreferencing OFF on input line 2921.
Package hyperref Info: Link coloring ON on input line 2924.
\Hy@abspage=\count116
\c@Item=\count117
\c@Hfootnote=\count118
)
*hyperref using driver hdvips*
("C:\Program Files\MiKTeX 2.5\tex\latex\hyperref\hdvips.def"
File: hdvips.def 2006/09/06 v6.75e Hyperref driver for dvips

("C:\Program Files\MiKTeX 2.5\tex\latex\hyperref\pdfmark.def"
File: pdfmark.def 2006/09/06 v6.75e Hyperref definitions for pdfmark specials
\pdf@docset=\toks25
\pdf@box=\box37
\pdf@toks=\toks26
\pdf@defaulttoks=\toks27
\Fld@listcount=\count119
)) (root.aux
(part0\0preface.aux) (part1\1intro.aux) (part1\1time.aux) (part1\1treesfish.aux
) (part1\1moretime.aux) (part1\1uncertainty.aux) (part1\1transition.aux)
(part2\2cake.aux) (part2\2pareto.aux) (part2\2sequential.aux)
(part2\2simultaneous.aux) (part2\2fish.aux) (part2\2nash.aux)
(part2\2auctions.aux) (part2\2transition.aux) (part3\3basics.aux)
(part3\3taxes.aux) (part3\3elasticity.aux) (part3\3details.aux)
(part3\3margins.aux) (part3\3derive.aux) (part3\3transition.aux)
(part4\4duopoly.aux))
LaTeX Font Info:    Checking defaults for OML/cmm/m/it on input line 308.
LaTeX Font Info:    ... okay on input line 308.
LaTeX Font Info:    Checking defaults for T1/cmr/m/n on input line 308.
LaTeX Font Info:    ... okay on input line 308.
LaTeX Font Info:    Checking defaults for OT1/cmr/m/n on input line 308.
LaTeX Font Info:    ... okay on input line 308.
LaTeX Font Info:    Checking defaults for OMS/cmsy/m/n on input line 308.
LaTeX Font Info:    ... okay on input line 308.
LaTeX Font Info:    Checking defaults for OMX/cmex/m/n on input line 308.
LaTeX Font Info:    ... okay on input line 308.
LaTeX Font Info:    Checking defaults for U/cmr/m/n on input line 308.
LaTeX Font Info:    ... okay on input line 308.
LaTeX Font Info:    Checking defaults for PD1/pdf/m/n on input line 308.
LaTeX Font Info:    ... okay on input line 308.
Package hyperref Info: Link coloring ON on input line 308.

("C:\Program Files\MiKTeX 2.5\tex\latex\hyperref\nameref.sty"
Package: nameref 2006/08/15 v2.26 Cross-referencing by name of section

("C:\Program Files\MiKTeX 2.5\tex\latex\oberdiek\refcount.sty"
Package: refcount 2006/02/20 v3.0 Data extraction from references (HO)
)
\c@section@level=\count120
)
LaTeX Info: Redefining \ref on input line 308.
LaTeX Info: Redefining \pageref on input line 308.
 (root.out)
(root.out)
\@outlinefile=\write5
LaTeX Font Info:    External font `cmex10' loaded for size
(Font)              <12> on input line 338.
LaTeX Font Info:    External font `cmex10' loaded for size
(Font)              <8> on input line 338.
LaTeX Font Info:    External font `cmex10' loaded for size
(Font)              <6> on input line 338.
LaTeX Font Info:    Try loading font information for U+rsfs on input line 338.
 ("C:\Program Files\MiKTeX 2.5\tex\latex\jknappen\ursfs.fd"
File: ursfs.fd 1998/03/24 rsfs font definition file (jk)
)
File: ./part0/somerights.eps Graphic file (type eps)

<./part0/somerights.eps> [1



] [2

] (root.toc
LaTeX Font Info:    External font `cmex10' loaded for size
(Font)              <7> on input line 4.
LaTeX Font Info:    External font `cmex10' loaded for size
(Font)              <5> on input line 4.
 [3] [4])
\tf@toc=\write6
 [5] (part0\0preface.tex
[6


]
LaTeX Font Info:    Try loading font information for OMS+cmr on input line 34.
 ("C:\Program Files\MiKTeX 2.5\tex\latex\base\omscmr.fd"
File: omscmr.fd 1999/05/25 v2.5h Standard LaTeX font definitions
)
LaTeX Font Info:    Font shape `OMS/cmr/m/n' in size <10> not available
(Font)              Font shape `OMS/cmsy/m/n' tried instead on input line 34.
 [7]
Overfull \hbox (2.50067pt too wide) in paragraph at lines 52--53
\OT1/cmr/m/n/10 (which are al-pha-bet-i-cal and/or chrono-log-i-cal) do not im-
ply en-dorse-ment: Melissa
 []

) [8] (part0\0index.tex) [11



] [12] (part1\1intro.tex
Chapter 1.
[13


] [14]
Overfull \hbox (179.57722pt too wide) in paragraph at lines 48--61
[][]|  []
 []

[15]
Overfull \hbox (228.18402pt too wide) in paragraph at lines 94--107
[][]|  []
 []

[16] [17] [18]
Overfull \hbox (11.37987pt too wide) in paragraph at lines 152--155
[]\OT1/cmr/m/n/10 Partial deriva-tives mea-sure rates of change or slopes[] \OT
1/cmr/m/it/10 in a given di-rec-tion\OT1/cmr/m/n/10 : $\OML/cmm/m/it/10 f[]\OT1
/cmr/m/n/10 (\OML/cmm/m/it/10 x; y\OT1/cmr/m/n/10 ) =
 []

[19] [20] [21] [22] [23] [24] [25]
Overfull \hbox (1.30623pt too wide) in paragraph at lines 630--631
[][]\OT1/cmr/m/n/10 (Derivation of Mar-shal-lian de-mand curves) Con-sid-ered a
n in-di-vid-ual whose
 []

[26]) [27] (part1\1time.tex [28



]
Chapter 2.

Overfull \hbox (183.28264pt too wide) in paragraph at lines 17--20
[][][]
 []

[29] [30] [31] [32]
File: ./part1/1bankofamerica.eps Graphic file (type eps)
 <./part1/1bankofamerica.eps>
File: ./part1/1bankoffish.eps Graphic file (type eps)
 <./part1/1bankoffish.eps>
[33]
Underfull \vbox (badness 3657) has occurred while \output is active []

 [34]
[35]
Underfull \vbox (badness 10000) has occurred while \output is active []

 [36]
[37] [38] [39] [40] [41]) [42] (part1\1treesfish.tex
Chapter 3.
[43



] [44] [45] [46] [47] [48] [49] [50] [51]) [52] (part1\1moretime.tex
Chapter 4.

Underfull \vbox (badness 2351) has occurred while \output is active []

 [53



]
Underfull \vbox (badness 2073) has occurred while \output is active []

 [54]
[55] [56]
Overfull \hbox (7.51677pt too wide) in paragraph at lines 175--176
[][]\OT1/cmr/m/n/10 Somebody of-
 []

[57]
Overfull \hbox (8.11978pt too wide) in paragraph at lines 186--187
[][]\OT1/cmr/m/n/10 You and a buddy win
 []

) [58] (part1\1uncertainty.tex
Chapter 5.

Overfull \hbox (183.28264pt too wide) in paragraph at lines 20--23
[][][]
 []

[59



] [60] [61] [62] [63] [64] [65]) [66] (part1\1transition.tex
Chapter 6.
[67



] [68] [69] [70]) [71] [72


] [73] [74] (part2\2cake.tex
Chapter 7.
[75


] [76] [77]
Underfull \hbox (badness 3019) in paragraph at lines 167--167
[]\OT1/cmr/m/n/10 Have Player B rank the pieces from best to worst---
 []

[78] [79] [80] [81] [82]) [83] (part2\2pareto.tex [84



]
Chapter 8.

Underfull \hbox (badness 1540) in paragraph at lines 10--10
[][][][][][][][]\OT1/cmr/m/n/8 This joke is a mod-i-fi-ca-tion of one on the Jo
kEc web-page, avail-able [][][][][][] at
 []

[85] [86] [87] [88] [89] [90]) [91] (part2\2sequential.tex [92



]
Chapter 9.
[93] [94]
Underfull \vbox (badness 10000) has occurred while \output is active []

 [95]
[96]

LaTeX Warning: `h' float specifier changed to `ht'.


LaTeX Warning: `h' float specifier changed to `ht'.

[97] [98]

LaTeX Warning: `h' float specifier changed to `ht'.

[99] [100] [101]) [102] (part2\2simultaneous.tex
Chapter 10.

Underfull \vbox (badness 4024) has occurred while \output is active []

 [103



]
[104] [105]) [106] (part2\2fish.tex
Chapter 11.
[107



] [108] [109] [110] [111]) [112] (part2\2nash.tex
Chapter 12.
[113



] [114] [115] [116]
Underfull \vbox (badness 2293) has occurred while \output is active []

 [117]
[118] [119] [120] [121] [122] [123] [124] [125] [126

] [127]

LaTeX Warning: `h' float specifier changed to `ht'.

) [128] [129] (part2\2auctions.tex [130



]
Chapter 13.

Overfull \hbox (2.05612pt too wide) in paragraph at lines 10--11
[][]\OT1/cmr/m/n/10 Eventually, they find a trans-la-tor: ``Tell Jose we want 
the money!"
 []

[131] [132] [133] [134] [135] [136] [137]
Overfull \hbox (10.62325pt too wide) in paragraph at lines 188--208
[][][]
 []

[138] [139]) [140] (part2\2transition.tex
Chapter 14.
[141



]
Underfull \vbox (badness 10000) has occurred while \output is active []

 [142]
[143]) [144] [145


] [146] (part3\3basics.tex
Chapter 15.
[147


] [148]
LaTeX Font Info:    External font `cmex10' loaded for size
(Font)              <9> on input line 147.


LaTeX Warning: `h' float specifier changed to `ht'.

[149] [150] [151] [152] [153]) [154] (part3\3taxes.tex
Chapter 16.
[155



] [156] [157] [158] [159] [160] [161] [162] [163]) [164]
(part3\3elasticity.tex
Chapter 17.
[165



] [166] [167] [168]
Underfull \vbox (badness 10000) has occurred while \output is active []

 [169]
[170] [171]) [172] (part3\3details.tex
Chapter 18.
[173



] [174] [175] [176] [177] [178] [179]) [180] (part3\3margins.tex
Chapter 19.
[181



] [182] [183]
Underfull \vbox (badness 2302) has occurred while \output is active []

 [184])
[185] (part3\3derive.tex [186



]
Chapter 20.
[187] [188] [189] [190] [191] [192] [193] [194] [195] [196] [197] [198]
[199] [200] [201] [202]
Overfull \hbox (4.34792pt too wide) in paragraph at lines 547--548
[][]\OT1/cmr/m/n/10 Explain in-tu-itively what the marginal rate of sub-sti-tu-
tion mea-sures.[][][][][][][] 
 []

[203] [204] [205] [206]
Overfull \hbox (0.5419pt too wide) in paragraph at lines 825--826
\OT1/cmr/m/n/10 (30)2[]\OML/cmm/m/it/10 p[]$\OT1/cmr/m/n/10 , re-ar-range it to
 get an \OT1/cmr/bx/n/10 in-verse Hick-sian de-mand curve\OT1/cmr/m/n/10 ,
 []

) [207] (part3\3transition.tex [208



]
Chapter 21.
[209] [210]) [211] (part4\4duopoly.tex [212



]
Appendix A.
[213]
Overfull \hbox (10.67123pt too wide) in paragraph at lines 83--83
[]\OT1/cmr/bx/n/14.4 Monopoly[]: The chocolate-with-sprinkles ver-
 []

[214] [215] [216] [217] [218] [219] [220] [221] [222]) [223] [224


] (root.ent
[225

] [226] [227] [228] [229] [230] [231] [232] [233] [234] [235] [236]
Overfull \hbox (6.26546pt too wide) in paragraph at lines 8414--8414
[][]|\OT1/cmr/m/n/10 Monopolist|  
 []

[237] [238] [239] [240] [241] [242]
Overfull \hbox (4.29126pt too wide) in paragraph at lines 11843--11863
[][]\OT1/cmr/m/n/8 A tax of $0.60 per pound levied on 4 mil-lion pounds per day
 yields rev-enue of $($0\OML/cmm/m/it/8 :\OT1/cmr/m/n/8 60)(4) =
 []

[243] [244] [245] [246] [247] [248] [249] [250] [251] [252] [253] [254])
(part0\0glossary.tex [255] [256

] [257]
Overfull \hbox (3.91519pt too wide) in paragraph at lines 31--32
[][]\OT1/cmr/m/n/10 A curve re-lat-ing the \OT1/cmr/bx/n/10 mar-ket price \OT1/
cmr/m/n/10 to de-sired pur-chase amounts
 []

[258]
Overfull \hbox (8.17754pt too wide) in paragraph at lines 63--64
[][]\OT1/cmr/m/n/10 Government ac-tiv-i-ties deal-ing with tax-ing and spend-in
g; in macroe-
 []

[259] [260] [261]
Overfull \hbox (3.57419pt too wide) in paragraph at lines 145--146
[][]\OT1/cmr/m/n/10 In gen-eral, a pris-on-ers' dilemma is a \OT1/cmr/bx/n/10 s
i-mul-ta-ne-ous move
 []

[262] [263]
Overfull \hbox (4.46881pt too wide) in paragraph at lines 213--214
\OT1/cmr/m/n/10 which the win-ning bid-der over-bids. Note that this per-tains 
only to \OT1/cmr/m/it/10 common-
 []

) (root.ind [264]
Overfull \hbox (4.41692pt too wide) in paragraph at lines 20--21
[][]| \OT1/cmr/m/n/10 Rev-enue Equiv-a-lence The-o-rem, [][][][][][] 
 []

[265

]
Overfull \hbox (1.75035pt too wide) in paragraph at lines 115--116
[][]| \OT1/cmr/m/n/10 Mar-shal-lian (un-com-pen-sated), [][][][][][] 
 []

[266]
Overfull \hbox (0.97255pt too wide) in paragraph at lines 225--226
[][]\OT1/cmr/m/n/10 Hicksian (com-pen-sated) de-mand curve,
 []


Overfull \hbox (0.11151pt too wide) in paragraph at lines 243--245
[][]\OT1/cmr/m/n/10 interior so-lu-tion, [][][][][][], [][][][][][], [][][][][]
[], [][][][][][], [][][][][][],
 []


Overfull \hbox (7.16707pt too wide) in paragraph at lines 278--280
[][]| \OT1/cmr/m/n/10 prod-uct (of la-bor/capital), [][][][][][], [][][][][][],

 []


Overfull \hbox (16.66696pt too wide) in paragraph at lines 282--283
[][]| \OT1/cmr/m/n/10 rate of tech-ni-cal sub-sti-tu-tion (MRTS),
 []


Overfull \hbox (30.83366pt too wide) in paragraph at lines 283--284
[][]| \OT1/cmr/m/n/10 rate of tech-ni-cal trans-for-ma-tion (MRTT),
 []

[267]
Overfull \hbox (3.83368pt too wide) in paragraph at lines 327--331
[][][][][][]\OT1/cmr/m/n/10 , [][][][][][], [][][][][][], [][][][][][], [][][][
][][], [][][][][][], [][][][][][]--
 []

[268] [269]) (root.aux (part0\0preface.aux) (part1\1intro.aux) (part1\1time.aux
) (part1\1treesfish.aux) (part1\1moretime.aux) (part1\1uncertainty.aux)
(part1\1transition.aux) (part2\2cake.aux) (part2\2pareto.aux)
(part2\2sequential.aux) (part2\2simultaneous.aux) (part2\2fish.aux)
(part2\2nash.aux) (part2\2auctions.aux) (part2\2transition.aux)
(part3\3basics.aux) (part3\3taxes.aux) (part3\3elasticity.aux)
(part3\3details.aux) (part3\3margins.aux) (part3\3derive.aux)
(part3\3transition.aux) (part4\4duopoly.aux)) ) 
Here is how much of TeX's memory you used:
 6328 strings out of 95420
 75564 string characters out of 1187323
 197787 words of memory out of 1188687
 8542 multiletter control sequences out of 60000
 17167 words of font info for 61 fonts, out of 1000000 for 2000
 14 hyphenation exceptions out of 8191
 33i,14n,49p,1992b,683s stack positions out of 5000i,500n,10000p,200000b,32768s

Output written on root.dvi (267 pages, 1936632 bytes).
