\BOOKMARK [0][-]{chapter*.2}{README.TXT}{}
\BOOKMARK [-1][-]{part.1}{I One: The optimizing individual}{}
\BOOKMARK [0][-]{chapter.1}{Decision theory}{part.1}
\BOOKMARK [1][-]{section.1.1}{Decision trees}{chapter.1}
\BOOKMARK [1][-]{section.1.2}{Example: Monopoly}{chapter.1}
\BOOKMARK [1][-]{section.1.3}{Math: Optimization and calculus}{chapter.1}
\BOOKMARK [0][-]{chapter.2}{Optimization over time}{part.1}
\BOOKMARK [1][-]{section.2.1}{Lump sums}{chapter.2}
\BOOKMARK [1][-]{section.2.2}{Annuities}{chapter.2}
\BOOKMARK [1][-]{section.2.3}{Perpetuities}{chapter.2}
\BOOKMARK [1][-]{section.2.4}{Capital theory}{chapter.2}
\BOOKMARK [1][-]{section.2.5}{Math: Present value and budget constraints}{chapter.2}
\BOOKMARK [0][-]{chapter.3}{Math: Trees and fish}{part.1}
\BOOKMARK [1][-]{section.3.1}{Trees}{chapter.3}
\BOOKMARK [1][-]{section.3.2}{Fish}{chapter.3}
\BOOKMARK [0][-]{chapter.4}{Inflation}{part.1}
\BOOKMARK [1][-]{section.4.1}{Nominal and real interest rates}{chapter.4}
\BOOKMARK [1][-]{section.4.2}{Inflation}{chapter.4}
\BOOKMARK [1][-]{section.4.3}{Mathematics}{chapter.4}
\BOOKMARK [0][-]{chapter.5}{Optimization and risk}{part.1}
\BOOKMARK [1][-]{section.5.1}{Reducing risk with diversification}{chapter.5}
\BOOKMARK [1][-]{section.5.2}{Math: Indifference curves}{chapter.5}
\BOOKMARK [0][-]{chapter.6}{Transition: Arbitrage}{part.1}
\BOOKMARK [1][-]{section.6.1}{No arbitrage}{chapter.6}
\BOOKMARK [1][-]{section.6.2}{Rush-hour arbitrage}{chapter.6}
\BOOKMARK [1][-]{section.6.3}{Financial arbitrage}{chapter.6}
\BOOKMARK [-1][-]{part.2}{II One v. one, one v. many}{}
\BOOKMARK [0][-]{chapter.7}{Cake-cutting}{part.2}
\BOOKMARK [1][-]{section.7.1}{Some applications of game theory}{chapter.7}
\BOOKMARK [1][-]{section.7.2}{Cake-cutting: The problem of fair division}{chapter.7}
\BOOKMARK [1][-]{section.7.3}{The importance of trade}{chapter.7}
\BOOKMARK [0][-]{chapter.8}{Economics and social welfare}{part.2}
\BOOKMARK [1][-]{section.8.1}{Cost-benefit analysis}{chapter.8}
\BOOKMARK [1][-]{section.8.2}{Pareto}{chapter.8}
\BOOKMARK [1][-]{section.8.3}{Example: Taxes}{chapter.8}
\BOOKMARK [0][-]{chapter.9}{Sequential move games}{part.2}
\BOOKMARK [1][-]{section.9.1}{Backward induction}{chapter.9}
\BOOKMARK [0][-]{chapter.10}{Simultaneous move games}{part.2}
\BOOKMARK [1][-]{section.10.1}{Strictly dominant strategies}{chapter.10}
\BOOKMARK [1][-]{section.10.2}{The Prisoners' Dilemma}{chapter.10}
\BOOKMARK [0][-]{chapter.11}{Application: Fisheries}{part.2}
\BOOKMARK [1][-]{section.11.1}{An economic perspective}{chapter.11}
\BOOKMARK [1][-]{section.11.2}{A brief look at government intervention}{chapter.11}
\BOOKMARK [1][-]{section.11.3}{ITQs to the rescue?}{chapter.11}
\BOOKMARK [0][-]{chapter.12}{Iterated dominance and Nash equilibrium}{part.2}
\BOOKMARK [1][-]{section.12.1}{Iterated dominance}{chapter.12}
\BOOKMARK [1][-]{section.12.2}{Nash equilibrium}{chapter.12}
\BOOKMARK [1][-]{section.12.3}{Infinitely repeated games}{chapter.12}
\BOOKMARK [1][-]{section.12.4}{Mixed strategies}{chapter.12}
\BOOKMARK [1][-]{section.12.5}{Math: Mixed strategies}{chapter.12}
\BOOKMARK [0][-]{chapter.13}{Application: Auctions}{part.2}
\BOOKMARK [1][-]{section.13.1}{Kinds of auctions}{chapter.13}
\BOOKMARK [1][-]{section.13.2}{Bid-shading and truth-revelation}{chapter.13}
\BOOKMARK [1][-]{section.13.3}{Auction equivalences}{chapter.13}
\BOOKMARK [1][-]{section.13.4}{Auction miscellany}{chapter.13}
\BOOKMARK [0][-]{chapter.14}{Transition: Game theory v. price theory}{part.2}
\BOOKMARK [1][-]{section.14.1}{Monopolies in the long run}{chapter.14}
\BOOKMARK [1][-]{section.14.2}{Barriers to entry}{chapter.14}
\BOOKMARK [-1][-]{part.3}{III Many v. many}{}
\BOOKMARK [0][-]{chapter.15}{Supply and demand basics}{part.3}
\BOOKMARK [1][-]{section.15.1}{The story of supply and demand}{chapter.15}
\BOOKMARK [1][-]{section.15.2}{Shifts in supply and demand}{chapter.15}
\BOOKMARK [1][-]{section.15.3}{Math: The algebra of markets}{chapter.15}
\BOOKMARK [0][-]{chapter.16}{Taxes}{part.3}
\BOOKMARK [1][-]{section.16.1}{Per-unit taxes on the sellers}{chapter.16}
\BOOKMARK [1][-]{section.16.2}{Per-unit taxes on the buyers}{chapter.16}
\BOOKMARK [1][-]{section.16.3}{Tax equivalence}{chapter.16}
\BOOKMARK [1][-]{section.16.4}{Tax incidence}{chapter.16}
\BOOKMARK [1][-]{section.16.5}{Math: The algebra of taxes}{chapter.16}
\BOOKMARK [0][-]{chapter.17}{Elasticities}{part.3}
\BOOKMARK [1][-]{section.17.1}{The price elasticity of demand}{chapter.17}
\BOOKMARK [1][-]{section.17.2}{Beyond the price elasticity of demand}{chapter.17}
\BOOKMARK [1][-]{section.17.3}{Applications}{chapter.17}
\BOOKMARK [1][-]{section.17.4}{Math: Elasticities and Calculus}{chapter.17}
\BOOKMARK [0][-]{chapter.18}{Supply and demand details}{part.3}
\BOOKMARK [1][-]{section.18.1}{Deconstructing supply and demand}{chapter.18}
\BOOKMARK [1][-]{section.18.2}{Math: The algebra of markets}{chapter.18}
\BOOKMARK [1][-]{section.18.3}{On the shape of the demand curve}{chapter.18}
\BOOKMARK [1][-]{section.18.4}{On the shape of the supply curve}{chapter.18}
\BOOKMARK [1][-]{section.18.5}{Comparing supply and demand}{chapter.18}
\BOOKMARK [0][-]{chapter.19}{Margins}{part.3}
\BOOKMARK [1][-]{section.19.1}{Reinterpreting the supply curve}{chapter.19}
\BOOKMARK [1][-]{section.19.2}{Reinterpreting the demand curve}{chapter.19}
\BOOKMARK [1][-]{section.19.3}{Conclusion: Carrots and sticks}{chapter.19}
\BOOKMARK [0][-]{chapter.20}{Math: Deriving supply and demand curves}{part.3}
\BOOKMARK [1][-]{section.20.1}{Cost minimization}{chapter.20}
\BOOKMARK [1][-]{section.20.2}{Supply curves}{chapter.20}
\BOOKMARK [1][-]{section.20.3}{Demand curves}{chapter.20}
\BOOKMARK [0][-]{chapter.21}{Transition: Welfare economics}{part.3}
\BOOKMARK [1][-]{section.21.1}{From theory to reality}{chapter.21}
\BOOKMARK [0][-]{appendix.A}{Math: Monopoly and Oligopoly}{part.3}
\BOOKMARK [1][-]{section.A.1}{Monopoly: The vanilla version}{appendix.A}
\BOOKMARK [1][-]{section.A.2}{Monopoly: The chocolate-with-sprinkles version}{appendix.A}
\BOOKMARK [1][-]{section.A.3}{Duopoly}{appendix.A}
\BOOKMARK [1][-]{section.A.4}{The transition to perfect competition}{appendix.A}
\BOOKMARK [0][-]{appendix*.110}{Glossary}{part.3}
\BOOKMARK [0][-]{appendix*.110}{Index}{part.3}
