This is pdfeTeX, Version 3.141592-1.30.6-2.2 (MiKTeX 2.5) (preloaded format=latex 2006.11.21)  27 FEB 2008 13:46
entering extended mode
**//.PSF/SharedFolder1/KEEP*Quantum/Quantum/Quantum/PART3/examples/slides/slide
sexperiment.tex

("\\.PSF\SharedFolder1\KEEP Quantum\Quantum\Quantum\PART3\examples\slides\slide
sexperiment.tex"
LaTeX2e <2005/12/01>
Babel <v3.8g> and hyphenation patterns for english, dumylang, nohyphenation, ge
rman, ngerman, french, loaded.
("C:\Program Files\MiKTeX 2.5\tex\latex\base\article.cls"
Document Class: article 2005/09/16 v1.4f Standard LaTeX document class
("C:\Program Files\MiKTeX 2.5\tex\latex\base\size10.clo"
File: size10.clo 2005/09/16 v1.4f Standard LaTeX file (size option)
)
\c@part=\count79
\c@section=\count80
\c@subsection=\count81
\c@subsubsection=\count82
\c@paragraph=\count83
\c@subparagraph=\count84
\c@figure=\count85
\c@table=\count86
\abovecaptionskip=\skip41
\belowcaptionskip=\skip42
\bibindent=\dimen102
)
("C:\Program Files\MiKTeX 2.5\tex\latex\pstricks\pstricks.sty"
Package: pstricks 2006/08/10 v0.32 LaTeX wrapper for `PSTricks' (RN,HV)

("C:\Program Files\MiKTeX 2.5\tex\generic\pstricks\pstricks.tex"
`PSTricks' v1.14c  <2006/04/29> (tvz)
\pst@dima=\dimen103
\pst@dimb=\dimen104
\pst@dimc=\dimen105
\pst@dimd=\dimen106
\pst@dimg=\dimen107
\pst@dimh=\dimen108
\pst@hbox=\box26
\pst@boxg=\box27
\pst@cnta=\count87
\pst@cntb=\count88
\pst@cntc=\count89
\pst@cntd=\count90
\pst@cntg=\count91
\pst@cnth=\count92
\pst@toks=\toks14
("C:\Program Files\MiKTeX 2.5\tex\generic\pstricks\pstricks.con")
\psunit=\dimen109
\psxunit=\dimen110
\psyunit=\dimen111
\pslinewidth=\dimen112
\pst@customdefs=\toks15
\pslinearc=\dimen113
\everypsbox=\toks16
\psframesep=\dimen114
\pslabelsep=\dimen115
\psk@shift=\dimen116
\pst@shift=\dimen117
\theoverlaybox=\box28
)
File: pstricks.tex 2006/04/29 v1.14c `PSTricks' (tvz)

("C:\Program Files\MiKTeX 2.5\tex\latex\xcolor\xcolor.sty"
Package: xcolor 2005/12/21 v2.09 LaTeX color extensions (UK)

("C:\Program Files\MiKTeX 2.5\tex\latex\00miktex\color.cfg"
File: color.cfg 2005/12/29 v1.1 MiKTeX 'color' configuration
)
Package xcolor Info: Package option `override' ignored on input line 211.
Package xcolor Info: Driver file: dvips.def on input line 220.

("C:\Program Files\MiKTeX 2.5\tex\latex\graphics\dvips.def"
File: dvips.def 1999/02/16 v3.0i Driver-dependant file (DPC,SPQR)
)
Package xcolor Info: Model `cmy' substituted by `cmy0' on input line 1328.
Package xcolor Info: Model `RGB' extended on input line 1344.
Package xcolor Info: Model `HTML' substituted by `rgb' on input line 1346.
Package xcolor Info: Model `Hsb' substituted by `hsb' on input line 1347.
Package xcolor Info: Model `tHsb' substituted by `hsb' on input line 1348.
Package xcolor Info: Model `HSB' substituted by `hsb' on input line 1349.
Package xcolor Info: Model `Gray' substituted by `gray' on input line 1350.
Package xcolor Info: Model `wave' substituted by `hsb' on input line 1351.
))
("C:\Program Files\MiKTeX 2.5\tex\latex\pstricks\pst-node.sty"
Package: pst-node 2006/01/01 package wrapper for pst-node.tex

("C:\Program Files\MiKTeX 2.5\tex\generic\pstricks\pst-node.tex"
 v97 patch 11, 2000/11/09
\psrow=\count93
\pscol=\count94
\psmatrixcnt=\count95
\psrowsep=\skip43
\pscolsep=\skip44
)
File: pst-node.tex 2000/11/09 97 patch 11 `pst-node' (tvz)
)
("C:\Program Files\MiKTeX 2.5\tex\latex\pstricks\pst-tree.sty"
Package: pst-tree 2004/07/15 package wrapper for pst-tree.tex

("C:\Program Files\MiKTeX 2.5\tex\generic\pstricks\pst-tree.tex"
 v97 patch 6, 2004/07/24
\pstree@rootbox=\box29
\pstree@box=\box30
\psnodecnt=\count96
\pstreelevel=\count97
\pstreecnt=\count98
\pstree@cnt=\count99
\pstree@stop=\count100
)
File: pst-tree.tex 2004/07/24 97 patch 6 `pst-tree' (tvz)
)
("C:\Program Files\MiKTeX 2.5\tex\latex\pstricks\pst-plot.sty"
Package: pst-plot 2004/07/15 package wrapper for pst-plot.tex

("C:\Program Files\MiKTeX 2.5\tex\generic\pstricks\pst-plot.tex"
 v97 patch 2, 1999/12/12
("C:\Program Files\MiKTeX 2.5\tex\generic\multido\multido.tex"
 v1.41, 2004/05/18 <tvz>
\multido@count=\count101
\multidocount=\count102
\multido@stuff=\toks17
))
File: pst-plot.tex 2004/05/18 1.41 `pst-plot' (tvz)
)
("C:\Program Files\MiKTeX 2.5\tex\latex\hyperref\hyperref.sty"
Package: hyperref 2006/09/06 v6.75e Hypertext links for LaTeX

("C:\Program Files\MiKTeX 2.5\tex\latex\graphics\keyval.sty"
Package: keyval 1999/03/16 v1.13 key=value parser (DPC)
\KV@toks@=\toks18
)
\@linkdim=\dimen118
\Hy@linkcounter=\count103
\Hy@pagecounter=\count104

("C:\Program Files\MiKTeX 2.5\tex\latex\hyperref\pd1enc.def"
File: pd1enc.def 2006/09/06 v6.75e Hyperref: PDFDocEncoding definition (HO)
)
("C:\Program Files\MiKTeX 2.5\tex\latex\00miktex\hyperref.cfg"
File: hyperref.cfg 2006/02/14 v1.1 MiKTeX 'hyperref' configuration
)
("C:\Program Files\MiKTeX 2.5\tex\latex\oberdiek\kvoptions.sty"
Package: kvoptions 2006/08/22 v2.4 Connects package keyval with LaTeX options (
HO)
)
Package hyperref Info: Hyper figures OFF on input line 2123.
Package hyperref Info: Link nesting OFF on input line 2128.
Package hyperref Info: Hyper index ON on input line 2131.
Package hyperref Info: Plain pages OFF on input line 2138.
Package hyperref Info: Backreferencing OFF on input line 2143.

Implicit mode ON; LaTeX internals redefined
Package hyperref Info: Bookmarks ON on input line 2273.
("C:\Program Files\MiKTeX 2.5\tex\latex\ltxmisc\url.sty"
\Urlmuskip=\muskip10
Package: url 2005/06/27  ver 3.2  Verb mode for urls, etc.
)
LaTeX Info: Redefining \url on input line 2428.
\Fld@menulength=\count105
\Field@Width=\dimen119
\Fld@charsize=\dimen120
\Choice@toks=\toks19
\Field@toks=\toks20
Package hyperref Info: Hyper figures OFF on input line 2906.
Package hyperref Info: Link nesting OFF on input line 2911.
Package hyperref Info: Hyper index ON on input line 2914.
Package hyperref Info: backreferencing OFF on input line 2921.
Package hyperref Info: Link coloring OFF on input line 2926.
\Hy@abspage=\count106
\c@Item=\count107
\c@Hfootnote=\count108
)
*hyperref using driver hdvips*
("C:\Program Files\MiKTeX 2.5\tex\latex\hyperref\hdvips.def"
File: hdvips.def 2006/09/06 v6.75e Hyperref driver for dvips

("C:\Program Files\MiKTeX 2.5\tex\latex\hyperref\pdfmark.def"
File: pdfmark.def 2006/09/06 v6.75e Hyperref definitions for pdfmark specials
\pdf@docset=\toks21
\pdf@box=\box31
\pdf@toks=\toks22
\pdf@defaulttoks=\toks23
\Fld@listcount=\count109
))
("C:\Program Files\MiKTeX 2.5\tex\latex\misc209\version.sty")
("C:\Program Files\MiKTeX 2.5\tex\latex\multirow\multirow.sty"
\bigstrutjot=\dimen121
)
("C:\Program Files\MiKTeX 2.5\tex\latex\rotating\rotating.sty"
Package: rotating 1997/09/26 v2.13 Rotation package

("C:\Program Files\MiKTeX 2.5\tex\latex\graphics\graphicx.sty"
Package: graphicx 1999/02/16 v1.0f Enhanced LaTeX Graphics (DPC,SPQR)

("C:\Program Files\MiKTeX 2.5\tex\latex\graphics\graphics.sty"
Package: graphics 2006/02/20 v1.0o Standard LaTeX Graphics (DPC,SPQR)

("C:\Program Files\MiKTeX 2.5\tex\latex\graphics\trig.sty"
Package: trig 1999/03/16 v1.09 sin cos tan (DPC)
)
("C:\Program Files\MiKTeX 2.5\tex\latex\00miktex\graphics.cfg"
File: graphics.cfg 2005/12/29 v1.2 MiKTeX 'graphics' configuration
)
Package graphics Info: Driver file: dvips.def on input line 90.
)
\Gin@req@height=\dimen122
\Gin@req@width=\dimen123
)
("C:\Program Files\MiKTeX 2.5\tex\latex\base\ifthen.sty"
Package: ifthen 2001/05/26 v1.1c Standard LaTeX ifthen package (DPC)
)
\c@r@tfl@t=\count110
\rot@float@box=\box32
)
("C:\Program Files\MiKTeX 2.5\tex\latex\ltxmisc\ulem.sty"
\UL@box=\box33
\UL@hyphenbox=\box34
\UL@skip=\skip45
\UL@hook=\toks24
\UL@pe=\count111
\UL@pixel=\dimen124
\ULC@box=\box35
Package: ulem 2000/05/26
\ULdepth=\dimen125
)
(slidesexperiment.aux)
LaTeX Font Info:    Checking defaults for OML/cmm/m/it on input line 102.
LaTeX Font Info:    ... okay on input line 102.
LaTeX Font Info:    Checking defaults for T1/cmr/m/n on input line 102.
LaTeX Font Info:    ... okay on input line 102.
LaTeX Font Info:    Checking defaults for OT1/cmr/m/n on input line 102.
LaTeX Font Info:    ... okay on input line 102.
LaTeX Font Info:    Checking defaults for OMS/cmsy/m/n on input line 102.
LaTeX Font Info:    ... okay on input line 102.
LaTeX Font Info:    Checking defaults for OMX/cmex/m/n on input line 102.
LaTeX Font Info:    ... okay on input line 102.
LaTeX Font Info:    Checking defaults for U/cmr/m/n on input line 102.
LaTeX Font Info:    ... okay on input line 102.
LaTeX Font Info:    Checking defaults for PD1/pdf/m/n on input line 102.
LaTeX Font Info:    ... okay on input line 102.
Package hyperref Info: Link coloring OFF on input line 102.

("C:\Program Files\MiKTeX 2.5\tex\latex\hyperref\nameref.sty"
Package: nameref 2006/08/15 v2.26 Cross-referencing by name of section

("C:\Program Files\MiKTeX 2.5\tex\latex\oberdiek\refcount.sty"
Package: refcount 2006/02/20 v3.0 Data extraction from references (HO)
)
\c@section@level=\count112
)
LaTeX Info: Redefining \ref on input line 102.
LaTeX Info: Redefining \pageref on input line 102.

(slidesexperiment.out) (slidesexperiment.out)
\@outlinefile=\write3

Overfull \hbox (93.17047pt too wide) in paragraph at lines 110--110
 [][] 
 []

[1

] (slidesexperiment.aux) ) 
Here is how much of TeX's memory you used:
 4788 strings out of 95420
 58727 string characters out of 1187323
 137705 words of memory out of 1140381
 7800 multiletter control sequences out of 60000
 4045 words of font info for 16 fonts, out of 1000000 for 2000
 14 hyphenation exceptions out of 8191
 32i,6n,37p,314b,352s stack positions out of 5000i,500n,10000p,200000b,32768s

Output written on slidesexperiment.dvi (1 page, 4180 bytes).
