This is e-TeX, Version 3.141592-2.1 (MiKTeX 2.4) (preloaded format=latex 2004.8.5)  5 DEC 2004 09:52
entering extended mode
**oil.tex
(oil.tex
LaTeX2e <2003/12/01>
Babel <v3.8a> and hyphenation patterns for english, french, german, ngerman, du
mylang, nohyphenation, loaded.
(C:\texmf\tex\latex\base\article.cls
Document Class: article 2004/02/16 v1.4f Standard LaTeX document class
(C:\texmf\tex\latex\base\size10.clo
File: size10.clo 2004/02/16 v1.4f Standard LaTeX file (size option)
)
\c@part=\count79
\c@section=\count80
\c@subsection=\count81
\c@subsubsection=\count82
\c@paragraph=\count83
\c@subparagraph=\count84
\c@figure=\count85
\c@table=\count86
\abovecaptionskip=\skip41
\belowcaptionskip=\skip42
\bibindent=\dimen102
) (oil.aux)
LaTeX Font Info:    Checking defaults for OML/cmm/m/it on input line 3.
LaTeX Font Info:    ... okay on input line 3.
LaTeX Font Info:    Checking defaults for T1/cmr/m/n on input line 3.
LaTeX Font Info:    ... okay on input line 3.
LaTeX Font Info:    Checking defaults for OT1/cmr/m/n on input line 3.
LaTeX Font Info:    ... okay on input line 3.
LaTeX Font Info:    Checking defaults for OMS/cmsy/m/n on input line 3.
LaTeX Font Info:    ... okay on input line 3.
LaTeX Font Info:    Checking defaults for OMX/cmex/m/n on input line 3.
LaTeX Font Info:    ... okay on input line 3.
LaTeX Font Info:    Checking defaults for U/cmr/m/n on input line 3.
LaTeX Font Info:    ... okay on input line 3.

Overfull \hbox (2.41731pt too wide) in paragraph at lines 27--28
\OT1/cmr/m/n/10 en-ergy pro-pos-als: open-ing up the Arc-tic Na-tional Wildlife
 Refuge (ANWR)
 []

[1

] [2] (oil.aux) ) 
Here is how much of TeX's memory you used:
 216 strings out of 95898
 1972 string characters out of 1195289
 48409 words of memory out of 1049626
 3326 multiletter control sequences out of 35000
 3986 words of font info for 15 fonts, out of 500000 for 1000
 14 hyphenation exceptions out of 607
 23i,4n,17p,917b,183s stack positions out of 1500i,500n,5000p,200000b,32768s

Output written on oil.dvi (2 pages, 6680 bytes).
