This is pdfeTeX, Version 3.141592-1.30.6-2.2 (MiKTeX 2.5) (preloaded format=latex 2006.11.21)  14 MAR 2008 14:01
entering extended mode
**//.PSF/SharedFolder1/KEEP*Quantum/Quantum/Quantum/PART4/exams/final2008-1.tex

("\\.PSF\SharedFolder1\KEEP Quantum\Quantum\Quantum\PART4\exams\final2008-1.tex
"
LaTeX2e <2005/12/01>
Babel <v3.8g> and hyphenation patterns for english, dumylang, nohyphenation, ge
rman, ngerman, french, loaded.
("C:\Program Files\MiKTeX 2.5\tex\latex\base\article.cls"
Document Class: article 2005/09/16 v1.4f Standard LaTeX document class
("C:\Program Files\MiKTeX 2.5\tex\latex\base\size10.clo"
File: size10.clo 2005/09/16 v1.4f Standard LaTeX file (size option)
)
\c@part=\count79
\c@section=\count80
\c@subsection=\count81
\c@subsubsection=\count82
\c@paragraph=\count83
\c@subparagraph=\count84
\c@figure=\count85
\c@table=\count86
\abovecaptionskip=\skip41
\belowcaptionskip=\skip42
\bibindent=\dimen102
)
("C:\Program Files\MiKTeX 2.5\tex\latex\ltxmisc\endnotes.sty"
\c@endnote=\count87
\endnotesep=\dimen103
\@enotes=\write3
)
("C:\Program Files\MiKTeX 2.5\tex\latex\pstricks\pstricks.sty"
Package: pstricks 2006/08/10 v0.32 LaTeX wrapper for `PSTricks' (RN,HV)

("C:\Program Files\MiKTeX 2.5\tex\generic\pstricks\pstricks.tex"
`PSTricks' v1.14c  <2006/04/29> (tvz)
\pst@dima=\dimen104
\pst@dimb=\dimen105
\pst@dimc=\dimen106
\pst@dimd=\dimen107
\pst@dimg=\dimen108
\pst@dimh=\dimen109
\pst@hbox=\box26
\pst@boxg=\box27
\pst@cnta=\count88
\pst@cntb=\count89
\pst@cntc=\count90
\pst@cntd=\count91
\pst@cntg=\count92
\pst@cnth=\count93
\pst@toks=\toks14
("C:\Program Files\MiKTeX 2.5\tex\generic\pstricks\pstricks.con")
\psunit=\dimen110
\psxunit=\dimen111
\psyunit=\dimen112
\pslinewidth=\dimen113
\pst@customdefs=\toks15
\pslinearc=\dimen114
\everypsbox=\toks16
\psframesep=\dimen115
\pslabelsep=\dimen116
\psk@shift=\dimen117
\pst@shift=\dimen118
\theoverlaybox=\box28
)
File: pstricks.tex 2006/04/29 v1.14c `PSTricks' (tvz)

("C:\Program Files\MiKTeX 2.5\tex\latex\xcolor\xcolor.sty"
Package: xcolor 2005/12/21 v2.09 LaTeX color extensions (UK)

("C:\Program Files\MiKTeX 2.5\tex\latex\00miktex\color.cfg"
File: color.cfg 2005/12/29 v1.1 MiKTeX 'color' configuration
)
Package xcolor Info: Package option `override' ignored on input line 211.
Package xcolor Info: Driver file: dvips.def on input line 220.

("C:\Program Files\MiKTeX 2.5\tex\latex\graphics\dvips.def"
File: dvips.def 1999/02/16 v3.0i Driver-dependant file (DPC,SPQR)
)
Package xcolor Info: Model `cmy' substituted by `cmy0' on input line 1328.
Package xcolor Info: Model `RGB' extended on input line 1344.
Package xcolor Info: Model `HTML' substituted by `rgb' on input line 1346.
Package xcolor Info: Model `Hsb' substituted by `hsb' on input line 1347.
Package xcolor Info: Model `tHsb' substituted by `hsb' on input line 1348.
Package xcolor Info: Model `HSB' substituted by `hsb' on input line 1349.
Package xcolor Info: Model `Gray' substituted by `gray' on input line 1350.
Package xcolor Info: Model `wave' substituted by `hsb' on input line 1351.
))
("C:\Program Files\MiKTeX 2.5\tex\latex\pstricks\pst-node.sty"
Package: pst-node 2006/01/01 package wrapper for pst-node.tex

("C:\Program Files\MiKTeX 2.5\tex\generic\pstricks\pst-node.tex"
 v97 patch 11, 2000/11/09
\psrow=\count94
\pscol=\count95
\psmatrixcnt=\count96
\psrowsep=\skip43
\pscolsep=\skip44
)
File: pst-node.tex 2000/11/09 97 patch 11 `pst-node' (tvz)
)
("C:\Program Files\MiKTeX 2.5\tex\latex\pstricks\pst-tree.sty"
Package: pst-tree 2004/07/15 package wrapper for pst-tree.tex

("C:\Program Files\MiKTeX 2.5\tex\generic\pstricks\pst-tree.tex"
 v97 patch 6, 2004/07/24
\pstree@rootbox=\box29
\pstree@box=\box30
\psnodecnt=\count97
\pstreelevel=\count98
\pstreecnt=\count99
\pstree@cnt=\count100
\pstree@stop=\count101
)
File: pst-tree.tex 2004/07/24 97 patch 6 `pst-tree' (tvz)
)
("C:\Program Files\MiKTeX 2.5\tex\latex\pstricks\pst-plot.sty"
Package: pst-plot 2004/07/15 package wrapper for pst-plot.tex

("C:\Program Files\MiKTeX 2.5\tex\generic\pstricks\pst-plot.tex"
 v97 patch 2, 1999/12/12
("C:\Program Files\MiKTeX 2.5\tex\generic\multido\multido.tex"
 v1.41, 2004/05/18 <tvz>
\multido@count=\count102
\multidocount=\count103
\multido@stuff=\toks17
))
File: pst-plot.tex 2004/05/18 1.41 `pst-plot' (tvz)
)
("C:\Program Files\MiKTeX 2.5\tex\latex\misc209\version.sty") (final2008-1.aux)
LaTeX Font Info:    Checking defaults for OML/cmm/m/it on input line 29.
LaTeX Font Info:    ... okay on input line 29.
LaTeX Font Info:    Checking defaults for T1/cmr/m/n on input line 29.
LaTeX Font Info:    ... okay on input line 29.
LaTeX Font Info:    Checking defaults for OT1/cmr/m/n on input line 29.
LaTeX Font Info:    ... okay on input line 29.
LaTeX Font Info:    Checking defaults for OMS/cmsy/m/n on input line 29.
LaTeX Font Info:    ... okay on input line 29.
LaTeX Font Info:    Checking defaults for OMX/cmex/m/n on input line 29.
LaTeX Font Info:    ... okay on input line 29.
LaTeX Font Info:    Checking defaults for U/cmr/m/n on input line 29.
LaTeX Font Info:    ... okay on input line 29.
LaTeX Font Info:    Try loading font information for OMS+cmr on input line 56.
("C:\Program Files\MiKTeX 2.5\tex\latex\base\omscmr.fd"
File: omscmr.fd 1999/05/25 v2.5h Standard LaTeX font definitions
)
LaTeX Font Info:    Font shape `OMS/cmr/m/n' in size <10> not available
(Font)              Font shape `OMS/cmsy/m/n' tried instead on input line 56.
LaTeX Font Info:    External font `cmex10' loaded for size
(Font)              <7> on input line 67.
LaTeX Font Info:    External font `cmex10' loaded for size
(Font)              <5> on input line 67.
 [1

] [2] [3

] [4

]
[5

] [6] [7]
Overfull \hbox (1.49953pt too wide) in paragraph at lines 635--636
[][]\OT1/cmr/m/n/10 (5 points) A slightly broader def-i-ni-tion of ``Pris-on-er
s' Dilemma" would
 []

[8] [9

] (final2008-1.ent
LaTeX Font Info:    External font `cmex10' loaded for size
(Font)              <8> on input line 2.
LaTeX Font Info:    External font `cmex10' loaded for size
(Font)              <6> on input line 2.
) [10] (final2008-1.aux) ) 
Here is how much of TeX's memory you used:
 2559 strings out of 95420
 28205 string characters out of 1187323
 97492 words of memory out of 1098120
 5665 multiletter control sequences out of 60000
 6722 words of font info for 24 fonts, out of 1000000 for 2000
 14 hyphenation exceptions out of 8191
 30i,7n,43p,881b,419s stack positions out of 5000i,500n,10000p,200000b,32768s

Output written on final2008-1.dvi (10 pages, 35004 bytes).
